⨯ Failed to start server
Error: listen EADDRINUSE: address already in use 127.0.0.1:3000
    at <unknown> (Error: listen EADDRINUSE: address already in use 127.0.0.1:3000) {
  code: 'EADDRINUSE',
  errno: -4091,
  syscall: 'listen',
  address: '127.0.0.1',
  port: 3000
}
⨯ Failed to start server
Error: listen EADDRINUSE: address already in use 127.0.0.1:3000
    at <unknown> (Error: listen EADDRINUSE: address already in use 127.0.0.1:3000) {
  code: 'EADDRINUSE',
  errno: -4091,
  syscall: 'listen',
  address: '127.0.0.1',
  port: 3000
}
⨯ Failed to start server
Error: listen EADDRINUSE: address already in use 127.0.0.1:3000
    at <unknown> (Error: listen EADDRINUSE: address already in use 127.0.0.1:3000) {
  code: 'EADDRINUSE',
  errno: -4091,
  syscall: 'listen',
  address: '127.0.0.1',
  port: 3000
}
▲ Next.js 16.1.6
- Local:         http://127.0.0.1:3000
- Network:       http://127.0.0.1:3000

✓ Starting...
✓ Ready in 532ms
Error: fetch failed
    at context.fetch (D:\WorkCode\AbandonClaw\node_modules\.pnpm\next@16.1.6_@babel+core@7.2_9d8d1bf7a8807769963b5151bd760c41\node_modules\next\dist\server\web\sandbox\context.js:321:60)
    at D:\WorkCode\AbandonClaw\.next\server\edge\chunks\[root-of-the-server]__3baf0ec9._.js:36:38209
    at sV (D:\WorkCode\AbandonClaw\.next\server\edge\chunks\[root-of-the-server]__3baf0ec9._.js:36:43149)
    at sB (D:\WorkCode\AbandonClaw\.next\server\edge\chunks\[root-of-the-server]__3baf0ec9._.js:36:42677)
    at D:\WorkCode\AbandonClaw\.next\server\edge\chunks\[root-of-the-server]__3baf0ec9._.js:49:14228
    at np._useSession (D:\WorkCode\AbandonClaw\.next\server\edge\chunks\[root-of-the-server]__3baf0ec9._.js:49:11746)
    at async np._getUser (D:\WorkCode\AbandonClaw\.next\server\edge\chunks\[root-of-the-server]__3baf0ec9._.js:49:14059)
    at async D:\WorkCode\AbandonClaw\.next\server\edge\chunks\[root-of-the-server]__3baf0ec9._.js:49:13853
    at async D:\WorkCode\AbandonClaw\.next\server\edge\chunks\[root-of-the-server]__3baf0ec9._.js:49:11020 {
  
}
Error: fetch failed
    at context.fetch (D:\WorkCode\AbandonClaw\node_modules\.pnpm\next@16.1.6_@babel+core@7.2_9d8d1bf7a8807769963b5151bd760c41\node_modules\next\dist\server\web\sandbox\context.js:321:60)
    at D:\WorkCode\AbandonClaw\.next\server\edge\chunks\[root-of-the-server]__3baf0ec9._.js:36:38209
    at sV (D:\WorkCode\AbandonClaw\.next\server\edge\chunks\[root-of-the-server]__3baf0ec9._.js:36:43149)
    at sB (D:\WorkCode\AbandonClaw\.next\server\edge\chunks\[root-of-the-server]__3baf0ec9._.js:36:42677)
    at D:\WorkCode\AbandonClaw\.next\server\edge\chunks\[root-of-the-server]__3baf0ec9._.js:49:14228
    at np._useSession (D:\WorkCode\AbandonClaw\.next\server\edge\chunks\[root-of-the-server]__3baf0ec9._.js:49:11746)
    at async np._getUser (D:\WorkCode\AbandonClaw\.next\server\edge\chunks\[root-of-the-server]__3baf0ec9._.js:49:14059)
    at async D:\WorkCode\AbandonClaw\.next\server\edge\chunks\[root-of-the-server]__3baf0ec9._.js:49:13853
    at async D:\WorkCode\AbandonClaw\.next\server\edge\chunks\[root-of-the-server]__3baf0ec9._.js:49:11020 {
  
}
Error: fetch failed
    at context.fetch (D:\WorkCode\AbandonClaw\node_modules\.pnpm\next@16.1.6_@babel+core@7.2_9d8d1bf7a8807769963b5151bd760c41\node_modules\next\dist\server\web\sandbox\context.js:321:60)
    at D:\WorkCode\AbandonClaw\.next\server\edge\chunks\[root-of-the-server]__3baf0ec9._.js:36:38209
    at sV (D:\WorkCode\AbandonClaw\.next\server\edge\chunks\[root-of-the-server]__3baf0ec9._.js:36:43149)
    at sB (D:\WorkCode\AbandonClaw\.next\server\edge\chunks\[root-of-the-server]__3baf0ec9._.js:36:42677)
    at D:\WorkCode\AbandonClaw\.next\server\edge\chunks\[root-of-the-server]__3baf0ec9._.js:49:14228
    at np._useSession (D:\WorkCode\AbandonClaw\.next\server\edge\chunks\[root-of-the-server]__3baf0ec9._.js:49:11746)
    at async np._getUser (D:\WorkCode\AbandonClaw\.next\server\edge\chunks\[root-of-the-server]__3baf0ec9._.js:49:14059)
    at async D:\WorkCode\AbandonClaw\.next\server\edge\chunks\[root-of-the-server]__3baf0ec9._.js:49:13853
    at async D:\WorkCode\AbandonClaw\.next\server\edge\chunks\[root-of-the-server]__3baf0ec9._.js:49:11020 {
  
}
Error: fetch failed
    at context.fetch (D:\WorkCode\AbandonClaw\node_modules\.pnpm\next@16.1.6_@babel+core@7.2_9d8d1bf7a8807769963b5151bd760c41\node_modules\next\dist\server\web\sandbox\context.js:321:60)
    at D:\WorkCode\AbandonClaw\.next\server\edge\chunks\[root-of-the-server]__3baf0ec9._.js:36:38209
    at sV (D:\WorkCode\AbandonClaw\.next\server\edge\chunks\[root-of-the-server]__3baf0ec9._.js:36:43149)
    at sB (D:\WorkCode\AbandonClaw\.next\server\edge\chunks\[root-of-the-server]__3baf0ec9._.js:36:42677)
    at D:\WorkCode\AbandonClaw\.next\server\edge\chunks\[root-of-the-server]__3baf0ec9._.js:49:14228
    at np._useSession (D:\WorkCode\AbandonClaw\.next\server\edge\chunks\[root-of-the-server]__3baf0ec9._.js:49:11746)
    at async np._getUser (D:\WorkCode\AbandonClaw\.next\server\edge\chunks\[root-of-the-server]__3baf0ec9._.js:49:14059)
    at async D:\WorkCode\AbandonClaw\.next\server\edge\chunks\[root-of-the-server]__3baf0ec9._.js:49:13853
    at async D:\WorkCode\AbandonClaw\.next\server\edge\chunks\[root-of-the-server]__3baf0ec9._.js:49:11020 {
  
}
Error: fetch failed
    at context.fetch (D:\WorkCode\AbandonClaw\node_modules\.pnpm\next@16.1.6_@babel+core@7.2_9d8d1bf7a8807769963b5151bd760c41\node_modules\next\dist\server\web\sandbox\context.js:321:60)
    at D:\WorkCode\AbandonClaw\.next\server\edge\chunks\[root-of-the-server]__3baf0ec9._.js:36:38209
    at sV (D:\WorkCode\AbandonClaw\.next\server\edge\chunks\[root-of-the-server]__3baf0ec9._.js:36:43149)
    at sB (D:\WorkCode\AbandonClaw\.next\server\edge\chunks\[root-of-the-server]__3baf0ec9._.js:36:42677)
    at D:\WorkCode\AbandonClaw\.next\server\edge\chunks\[root-of-the-server]__3baf0ec9._.js:49:14228
    at np._useSession (D:\WorkCode\AbandonClaw\.next\server\edge\chunks\[root-of-the-server]__3baf0ec9._.js:49:11746)
    at async np._getUser (D:\WorkCode\AbandonClaw\.next\server\edge\chunks\[root-of-the-server]__3baf0ec9._.js:49:14059)
    at async D:\WorkCode\AbandonClaw\.next\server\edge\chunks\[root-of-the-server]__3baf0ec9._.js:49:13853
    at async D:\WorkCode\AbandonClaw\.next\server\edge\chunks\[root-of-the-server]__3baf0ec9._.js:49:11020 {
  
}
Error: fetch failed
    at context.fetch (D:\WorkCode\AbandonClaw\node_modules\.pnpm\next@16.1.6_@babel+core@7.2_9d8d1bf7a8807769963b5151bd760c41\node_modules\next\dist\server\web\sandbox\context.js:321:60)
    at D:\WorkCode\AbandonClaw\.next\server\edge\chunks\[root-of-the-server]__3baf0ec9._.js:36:38209
    at sV (D:\WorkCode\AbandonClaw\.next\server\edge\chunks\[root-of-the-server]__3baf0ec9._.js:36:43149)
    at sB (D:\WorkCode\AbandonClaw\.next\server\edge\chunks\[root-of-the-server]__3baf0ec9._.js:36:42677)
    at D:\WorkCode\AbandonClaw\.next\server\edge\chunks\[root-of-the-server]__3baf0ec9._.js:49:14228
    at np._useSession (D:\WorkCode\AbandonClaw\.next\server\edge\chunks\[root-of-the-server]__3baf0ec9._.js:49:11746)
    at async np._getUser (D:\WorkCode\AbandonClaw\.next\server\edge\chunks\[root-of-the-server]__3baf0ec9._.js:49:14059)
    at async D:\WorkCode\AbandonClaw\.next\server\edge\chunks\[root-of-the-server]__3baf0ec9._.js:49:13853
    at async D:\WorkCode\AbandonClaw\.next\server\edge\chunks\[root-of-the-server]__3baf0ec9._.js:49:11020 {
  
}
Error: fetch failed
    at context.fetch (D:\WorkCode\AbandonClaw\node_modules\.pnpm\next@16.1.6_@babel+core@7.2_9d8d1bf7a8807769963b5151bd760c41\node_modules\next\dist\server\web\sandbox\context.js:321:60)
    at D:\WorkCode\AbandonClaw\.next\server\edge\chunks\[root-of-the-server]__3baf0ec9._.js:36:38209
    at sV (D:\WorkCode\AbandonClaw\.next\server\edge\chunks\[root-of-the-server]__3baf0ec9._.js:36:43149)
    at sB (D:\WorkCode\AbandonClaw\.next\server\edge\chunks\[root-of-the-server]__3baf0ec9._.js:36:42677)
    at D:\WorkCode\AbandonClaw\.next\server\edge\chunks\[root-of-the-server]__3baf0ec9._.js:49:14228
    at np._useSession (D:\WorkCode\AbandonClaw\.next\server\edge\chunks\[root-of-the-server]__3baf0ec9._.js:49:11746)
    at async np._getUser (D:\WorkCode\AbandonClaw\.next\server\edge\chunks\[root-of-the-server]__3baf0ec9._.js:49:14059)
    at async D:\WorkCode\AbandonClaw\.next\server\edge\chunks\[root-of-the-server]__3baf0ec9._.js:49:13853
    at async D:\WorkCode\AbandonClaw\.next\server\edge\chunks\[root-of-the-server]__3baf0ec9._.js:49:11020 {
  
}
Error: fetch failed
    at context.fetch (D:\WorkCode\AbandonClaw\node_modules\.pnpm\next@16.1.6_@babel+core@7.2_9d8d1bf7a8807769963b5151bd760c41\node_modules\next\dist\server\web\sandbox\context.js:321:60)
    at D:\WorkCode\AbandonClaw\.next\server\edge\chunks\[root-of-the-server]__3baf0ec9._.js:36:38209
    at sV (D:\WorkCode\AbandonClaw\.next\server\edge\chunks\[root-of-the-server]__3baf0ec9._.js:36:43149)
    at sB (D:\WorkCode\AbandonClaw\.next\server\edge\chunks\[root-of-the-server]__3baf0ec9._.js:36:42677)
    at D:\WorkCode\AbandonClaw\.next\server\edge\chunks\[root-of-the-server]__3baf0ec9._.js:49:14228
    at np._useSession (D:\WorkCode\AbandonClaw\.next\server\edge\chunks\[root-of-the-server]__3baf0ec9._.js:49:11746)
    at async np._getUser (D:\WorkCode\AbandonClaw\.next\server\edge\chunks\[root-of-the-server]__3baf0ec9._.js:49:14059)
    at async D:\WorkCode\AbandonClaw\.next\server\edge\chunks\[root-of-the-server]__3baf0ec9._.js:49:13853
    at async D:\WorkCode\AbandonClaw\.next\server\edge\chunks\[root-of-the-server]__3baf0ec9._.js:49:11020 {
  
}
Error: fetch failed
    at context.fetch (D:\WorkCode\AbandonClaw\node_modules\.pnpm\next@16.1.6_@babel+core@7.2_9d8d1bf7a8807769963b5151bd760c41\node_modules\next\dist\server\web\sandbox\context.js:321:60)
    at D:\WorkCode\AbandonClaw\.next\server\edge\chunks\[root-of-the-server]__3baf0ec9._.js:36:38209
    at sV (D:\WorkCode\AbandonClaw\.next\server\edge\chunks\[root-of-the-server]__3baf0ec9._.js:36:43149)
    at sB (D:\WorkCode\AbandonClaw\.next\server\edge\chunks\[root-of-the-server]__3baf0ec9._.js:36:42677)
    at D:\WorkCode\AbandonClaw\.next\server\edge\chunks\[root-of-the-server]__3baf0ec9._.js:49:14228
    at np._useSession (D:\WorkCode\AbandonClaw\.next\server\edge\chunks\[root-of-the-server]__3baf0ec9._.js:49:11746)
    at async np._getUser (D:\WorkCode\AbandonClaw\.next\server\edge\chunks\[root-of-the-server]__3baf0ec9._.js:49:14059)
    at async D:\WorkCode\AbandonClaw\.next\server\edge\chunks\[root-of-the-server]__3baf0ec9._.js:49:13853
    at async D:\WorkCode\AbandonClaw\.next\server\edge\chunks\[root-of-the-server]__3baf0ec9._.js:49:11020 {
  
}
Error: fetch failed
    at context.fetch (D:\WorkCode\AbandonClaw\node_modules\.pnpm\next@16.1.6_@babel+core@7.2_9d8d1bf7a8807769963b5151bd760c41\node_modules\next\dist\server\web\sandbox\context.js:321:60)
    at D:\WorkCode\AbandonClaw\.next\server\edge\chunks\[root-of-the-server]__3baf0ec9._.js:36:38209
    at sV (D:\WorkCode\AbandonClaw\.next\server\edge\chunks\[root-of-the-server]__3baf0ec9._.js:36:43149)
    at sB (D:\WorkCode\AbandonClaw\.next\server\edge\chunks\[root-of-the-server]__3baf0ec9._.js:36:42677)
    at D:\WorkCode\AbandonClaw\.next\server\edge\chunks\[root-of-the-server]__3baf0ec9._.js:49:14228
    at np._useSession (D:\WorkCode\AbandonClaw\.next\server\edge\chunks\[root-of-the-server]__3baf0ec9._.js:49:11746)
    at async np._getUser (D:\WorkCode\AbandonClaw\.next\server\edge\chunks\[root-of-the-server]__3baf0ec9._.js:49:14059)
    at async D:\WorkCode\AbandonClaw\.next\server\edge\chunks\[root-of-the-server]__3baf0ec9._.js:49:13853
    at async D:\WorkCode\AbandonClaw\.next\server\edge\chunks\[root-of-the-server]__3baf0ec9._.js:49:11020 {
  
}
Error: fetch failed
    at context.fetch (D:\WorkCode\AbandonClaw\node_modules\.pnpm\next@16.1.6_@babel+core@7.2_9d8d1bf7a8807769963b5151bd760c41\node_modules\next\dist\server\web\sandbox\context.js:321:60)
    at D:\WorkCode\AbandonClaw\.next\server\edge\chunks\[root-of-the-server]__3baf0ec9._.js:36:38209
    at sV (D:\WorkCode\AbandonClaw\.next\server\edge\chunks\[root-of-the-server]__3baf0ec9._.js:36:43149)
    at sB (D:\WorkCode\AbandonClaw\.next\server\edge\chunks\[root-of-the-server]__3baf0ec9._.js:36:42677)
    at D:\WorkCode\AbandonClaw\.next\server\edge\chunks\[root-of-the-server]__3baf0ec9._.js:49:14228
    at np._useSession (D:\WorkCode\AbandonClaw\.next\server\edge\chunks\[root-of-the-server]__3baf0ec9._.js:49:11746)
    at async np._getUser (D:\WorkCode\AbandonClaw\.next\server\edge\chunks\[root-of-the-server]__3baf0ec9._.js:49:14059)
    at async D:\WorkCode\AbandonClaw\.next\server\edge\chunks\[root-of-the-server]__3baf0ec9._.js:49:13853
    at async D:\WorkCode\AbandonClaw\.next\server\edge\chunks\[root-of-the-server]__3baf0ec9._.js:49:11020 {
  
}
Error: fetch failed
    at context.fetch (D:\WorkCode\AbandonClaw\node_modules\.pnpm\next@16.1.6_@babel+core@7.2_9d8d1bf7a8807769963b5151bd760c41\node_modules\next\dist\server\web\sandbox\context.js:321:60)
    at D:\WorkCode\AbandonClaw\.next\server\edge\chunks\[root-of-the-server]__3baf0ec9._.js:36:38209
    at sV (D:\WorkCode\AbandonClaw\.next\server\edge\chunks\[root-of-the-server]__3baf0ec9._.js:36:43149)
    at sB (D:\WorkCode\AbandonClaw\.next\server\edge\chunks\[root-of-the-server]__3baf0ec9._.js:36:42677)
    at D:\WorkCode\AbandonClaw\.next\server\edge\chunks\[root-of-the-server]__3baf0ec9._.js:49:14228
    at np._useSession (D:\WorkCode\AbandonClaw\.next\server\edge\chunks\[root-of-the-server]__3baf0ec9._.js:49:11746)
    at async np._getUser (D:\WorkCode\AbandonClaw\.next\server\edge\chunks\[root-of-the-server]__3baf0ec9._.js:49:14059)
    at async D:\WorkCode\AbandonClaw\.next\server\edge\chunks\[root-of-the-server]__3baf0ec9._.js:49:13853
    at async D:\WorkCode\AbandonClaw\.next\server\edge\chunks\[root-of-the-server]__3baf0ec9._.js:49:11020 {
  
}
Error: fetch failed
    at context.fetch (D:\WorkCode\AbandonClaw\node_modules\.pnpm\next@16.1.6_@babel+core@7.2_9d8d1bf7a8807769963b5151bd760c41\node_modules\next\dist\server\web\sandbox\context.js:321:60)
    at D:\WorkCode\AbandonClaw\.next\server\edge\chunks\[root-of-the-server]__3baf0ec9._.js:36:38209
    at sV (D:\WorkCode\AbandonClaw\.next\server\edge\chunks\[root-of-the-server]__3baf0ec9._.js:36:43149)
    at sB (D:\WorkCode\AbandonClaw\.next\server\edge\chunks\[root-of-the-server]__3baf0ec9._.js:36:42677)
    at D:\WorkCode\AbandonClaw\.next\server\edge\chunks\[root-of-the-server]__3baf0ec9._.js:49:14228
    at np._useSession (D:\WorkCode\AbandonClaw\.next\server\edge\chunks\[root-of-the-server]__3baf0ec9._.js:49:11746)
    at async np._getUser (D:\WorkCode\AbandonClaw\.next\server\edge\chunks\[root-of-the-server]__3baf0ec9._.js:49:14059)
    at async D:\WorkCode\AbandonClaw\.next\server\edge\chunks\[root-of-the-server]__3baf0ec9._.js:49:13853
    at async D:\WorkCode\AbandonClaw\.next\server\edge\chunks\[root-of-the-server]__3baf0ec9._.js:49:11020 {
  
}
Error: fetch failed
    at context.fetch (D:\WorkCode\AbandonClaw\node_modules\.pnpm\next@16.1.6_@babel+core@7.2_9d8d1bf7a8807769963b5151bd760c41\node_modules\next\dist\server\web\sandbox\context.js:321:60)
    at D:\WorkCode\AbandonClaw\.next\server\edge\chunks\[root-of-the-server]__3baf0ec9._.js:36:38209
    at sV (D:\WorkCode\AbandonClaw\.next\server\edge\chunks\[root-of-the-server]__3baf0ec9._.js:36:43149)
    at sB (D:\WorkCode\AbandonClaw\.next\server\edge\chunks\[root-of-the-server]__3baf0ec9._.js:36:42677)
    at D:\WorkCode\AbandonClaw\.next\server\edge\chunks\[root-of-the-server]__3baf0ec9._.js:49:14228
    at np._useSession (D:\WorkCode\AbandonClaw\.next\server\edge\chunks\[root-of-the-server]__3baf0ec9._.js:49:11746)
    at async np._getUser (D:\WorkCode\AbandonClaw\.next\server\edge\chunks\[root-of-the-server]__3baf0ec9._.js:49:14059)
    at async D:\WorkCode\AbandonClaw\.next\server\edge\chunks\[root-of-the-server]__3baf0ec9._.js:49:13853
    at async D:\WorkCode\AbandonClaw\.next\server\edge\chunks\[root-of-the-server]__3baf0ec9._.js:49:11020 {
  
}
Error: fetch failed
    at context.fetch (D:\WorkCode\AbandonClaw\node_modules\.pnpm\next@16.1.6_@babel+core@7.2_9d8d1bf7a8807769963b5151bd760c41\node_modules\next\dist\server\web\sandbox\context.js:321:60)
    at D:\WorkCode\AbandonClaw\.next\server\edge\chunks\[root-of-the-server]__3baf0ec9._.js:36:38209
    at sV (D:\WorkCode\AbandonClaw\.next\server\edge\chunks\[root-of-the-server]__3baf0ec9._.js:36:43149)
    at sB (D:\WorkCode\AbandonClaw\.next\server\edge\chunks\[root-of-the-server]__3baf0ec9._.js:36:42677)
    at r (D:\WorkCode\AbandonClaw\.next\server\edge\chunks\[root-of-the-server]__3baf0ec9._.js:49:22393)
    at D:\WorkCode\AbandonClaw\.next\server\edge\chunks\[root-of-the-server]__3baf0ec9._.js:49:22656
    at D:\WorkCode\AbandonClaw\.next\server\edge\chunks\[root-of-the-server]__3baf0ec9._.js:49:22733
    at new Promise (<anonymous>)
    at np._refreshAccessToken (D:\WorkCode\AbandonClaw\.next\server\edge\chunks\[root-of-the-server]__3baf0ec9._.js:49:22587)
    at np._callRefreshToken (D:\WorkCode\AbandonClaw\.next\server\edge\chunks\[root-of-the-server]__3baf0ec9._.js:49:25280) {
  
}
Error: fetch failed
    at context.fetch (D:\WorkCode\AbandonClaw\node_modules\.pnpm\next@16.1.6_@babel+core@7.2_9d8d1bf7a8807769963b5151bd760c41\node_modules\next\dist\server\web\sandbox\context.js:321:60)
    at D:\WorkCode\AbandonClaw\.next\server\edge\chunks\[root-of-the-server]__3baf0ec9._.js:36:38209
    at sV (D:\WorkCode\AbandonClaw\.next\server\edge\chunks\[root-of-the-server]__3baf0ec9._.js:36:43149)
    at sB (D:\WorkCode\AbandonClaw\.next\server\edge\chunks\[root-of-the-server]__3baf0ec9._.js:36:42677)
    at r (D:\WorkCode\AbandonClaw\.next\server\edge\chunks\[root-of-the-server]__3baf0ec9._.js:49:22393)
    at async D:\WorkCode\AbandonClaw\.next\server\edge\chunks\[root-of-the-server]__3baf0ec9._.js:49:22650 {
  
}
Error: fetch failed
    at context.fetch (D:\WorkCode\AbandonClaw\node_modules\.pnpm\next@16.1.6_@babel+core@7.2_9d8d1bf7a8807769963b5151bd760c41\node_modules\next\dist\server\web\sandbox\context.js:321:60)
    at D:\WorkCode\AbandonClaw\.next\server\edge\chunks\[root-of-the-server]__3baf0ec9._.js:36:38209
    at sV (D:\WorkCode\AbandonClaw\.next\server\edge\chunks\[root-of-the-server]__3baf0ec9._.js:36:43149)
    at sB (D:\WorkCode\AbandonClaw\.next\server\edge\chunks\[root-of-the-server]__3baf0ec9._.js:36:42677)
    at r (D:\WorkCode\AbandonClaw\.next\server\edge\chunks\[root-of-the-server]__3baf0ec9._.js:49:22393)
    at async D:\WorkCode\AbandonClaw\.next\server\edge\chunks\[root-of-the-server]__3baf0ec9._.js:49:22650 {
  
}
Error: fetch failed
    at context.fetch (D:\WorkCode\AbandonClaw\node_modules\.pnpm\next@16.1.6_@babel+core@7.2_9d8d1bf7a8807769963b5151bd760c41\node_modules\next\dist\server\web\sandbox\context.js:321:60)
    at D:\WorkCode\AbandonClaw\.next\server\edge\chunks\[root-of-the-server]__3baf0ec9._.js:36:38209
    at sV (D:\WorkCode\AbandonClaw\.next\server\edge\chunks\[root-of-the-server]__3baf0ec9._.js:36:43149)
    at sB (D:\WorkCode\AbandonClaw\.next\server\edge\chunks\[root-of-the-server]__3baf0ec9._.js:36:42677)
    at r (D:\WorkCode\AbandonClaw\.next\server\edge\chunks\[root-of-the-server]__3baf0ec9._.js:49:22393)
    at async D:\WorkCode\AbandonClaw\.next\server\edge\chunks\[root-of-the-server]__3baf0ec9._.js:49:22650 {
  
}
Error: fetch failed
    at context.fetch (D:\WorkCode\AbandonClaw\node_modules\.pnpm\next@16.1.6_@babel+core@7.2_9d8d1bf7a8807769963b5151bd760c41\node_modules\next\dist\server\web\sandbox\context.js:321:60)
    at D:\WorkCode\AbandonClaw\.next\server\edge\chunks\[root-of-the-server]__3baf0ec9._.js:36:38209
    at sV (D:\WorkCode\AbandonClaw\.next\server\edge\chunks\[root-of-the-server]__3baf0ec9._.js:36:43149)
    at sB (D:\WorkCode\AbandonClaw\.next\server\edge\chunks\[root-of-the-server]__3baf0ec9._.js:36:42677)
    at r (D:\WorkCode\AbandonClaw\.next\server\edge\chunks\[root-of-the-server]__3baf0ec9._.js:49:22393)
    at async D:\WorkCode\AbandonClaw\.next\server\edge\chunks\[root-of-the-server]__3baf0ec9._.js:49:22650 {
  
}
Error: fetch failed
    at context.fetch (D:\WorkCode\AbandonClaw\node_modules\.pnpm\next@16.1.6_@babel+core@7.2_9d8d1bf7a8807769963b5151bd760c41\node_modules\next\dist\server\web\sandbox\context.js:321:60)
    at D:\WorkCode\AbandonClaw\.next\server\edge\chunks\[root-of-the-server]__3baf0ec9._.js:36:38209
    at sV (D:\WorkCode\AbandonClaw\.next\server\edge\chunks\[root-of-the-server]__3baf0ec9._.js:36:43149)
    at sB (D:\WorkCode\AbandonClaw\.next\server\edge\chunks\[root-of-the-server]__3baf0ec9._.js:36:42677)
    at r (D:\WorkCode\AbandonClaw\.next\server\edge\chunks\[root-of-the-server]__3baf0ec9._.js:49:22393)
    at async D:\WorkCode\AbandonClaw\.next\server\edge\chunks\[root-of-the-server]__3baf0ec9._.js:49:22650 {
  
}
Error: fetch failed
    at context.fetch (D:\WorkCode\AbandonClaw\node_modules\.pnpm\next@16.1.6_@babel+core@7.2_9d8d1bf7a8807769963b5151bd760c41\node_modules\next\dist\server\web\sandbox\context.js:321:60)
    at D:\WorkCode\AbandonClaw\.next\server\edge\chunks\[root-of-the-server]__3baf0ec9._.js:36:38209
    at sV (D:\WorkCode\AbandonClaw\.next\server\edge\chunks\[root-of-the-server]__3baf0ec9._.js:36:43149)
    at sB (D:\WorkCode\AbandonClaw\.next\server\edge\chunks\[root-of-the-server]__3baf0ec9._.js:36:42677)
    at r (D:\WorkCode\AbandonClaw\.next\server\edge\chunks\[root-of-the-server]__3baf0ec9._.js:49:22393)
    at async D:\WorkCode\AbandonClaw\.next\server\edge\chunks\[root-of-the-server]__3baf0ec9._.js:49:22650 {
  
}
Error: fetch failed
    at context.fetch (D:\WorkCode\AbandonClaw\node_modules\.pnpm\next@16.1.6_@babel+core@7.2_9d8d1bf7a8807769963b5151bd760c41\node_modules\next\dist\server\web\sandbox\context.js:321:60)
    at D:\WorkCode\AbandonClaw\.next\server\edge\chunks\[root-of-the-server]__3baf0ec9._.js:36:38209
    at sV (D:\WorkCode\AbandonClaw\.next\server\edge\chunks\[root-of-the-server]__3baf0ec9._.js:36:43149)
    at sB (D:\WorkCode\AbandonClaw\.next\server\edge\chunks\[root-of-the-server]__3baf0ec9._.js:36:42677)
    at r (D:\WorkCode\AbandonClaw\.next\server\edge\chunks\[root-of-the-server]__3baf0ec9._.js:49:22393)
    at async D:\WorkCode\AbandonClaw\.next\server\edge\chunks\[root-of-the-server]__3baf0ec9._.js:49:22650 {
  
}
AuthRetryableFetchError: fetch failed
    at sV (D:\WorkCode\AbandonClaw\.next\server\edge\chunks\[root-of-the-server]__3baf0ec9._.js:36:43206)
    at async sB (D:\WorkCode\AbandonClaw\.next\server\edge\chunks\[root-of-the-server]__3baf0ec9._.js:36:42671)
    at async r (D:\WorkCode\AbandonClaw\.next\server\edge\chunks\[root-of-the-server]__3baf0ec9._.js:49:22387)
    at async (D:\WorkCode\AbandonClaw\.next\server\edge\chunks\[root-of-the-server]__3baf0ec9._.js:49:22650) {
  __isAuthError: true,
  status: 0,
  code: undefined
}
AuthRetryableFetchError: fetch failed
    at sV (D:\WorkCode\AbandonClaw\.next\server\edge\chunks\[root-of-the-server]__3baf0ec9._.js:36:43206)
    at async sB (D:\WorkCode\AbandonClaw\.next\server\edge\chunks\[root-of-the-server]__3baf0ec9._.js:36:42671)
    at async r (D:\WorkCode\AbandonClaw\.next\server\edge\chunks\[root-of-the-server]__3baf0ec9._.js:49:22387)
    at async (D:\WorkCode\AbandonClaw\.next\server\edge\chunks\[root-of-the-server]__3baf0ec9._.js:49:22650) {
  __isAuthError: true,
  status: 0,
  code: undefined
}
Error: fetch failed
    at context.fetch (D:\WorkCode\AbandonClaw\node_modules\.pnpm\next@16.1.6_@babel+core@7.2_9d8d1bf7a8807769963b5151bd760c41\node_modules\next\dist\server\web\sandbox\context.js:321:60)
    at D:\WorkCode\AbandonClaw\.next\server\edge\chunks\[root-of-the-server]__3baf0ec9._.js:36:38209
    at sV (D:\WorkCode\AbandonClaw\.next\server\edge\chunks\[root-of-the-server]__3baf0ec9._.js:36:43149)
    at sB (D:\WorkCode\AbandonClaw\.next\server\edge\chunks\[root-of-the-server]__3baf0ec9._.js:36:42677)
    at r (D:\WorkCode\AbandonClaw\.next\server\edge\chunks\[root-of-the-server]__3baf0ec9._.js:49:22393)
    at D:\WorkCode\AbandonClaw\.next\server\edge\chunks\[root-of-the-server]__3baf0ec9._.js:49:22656
    at D:\WorkCode\AbandonClaw\.next\server\edge\chunks\[root-of-the-server]__3baf0ec9._.js:49:22733
    at new Promise (<anonymous>)
    at np._refreshAccessToken (D:\WorkCode\AbandonClaw\.next\server\edge\chunks\[root-of-the-server]__3baf0ec9._.js:49:22587)
    at np._callRefreshToken (D:\WorkCode\AbandonClaw\.next\server\edge\chunks\[root-of-the-server]__3baf0ec9._.js:49:25280) {
  
}
Error: fetch failed
    at context.fetch (D:\WorkCode\AbandonClaw\node_modules\.pnpm\next@16.1.6_@babel+core@7.2_9d8d1bf7a8807769963b5151bd760c41\node_modules\next\dist\server\web\sandbox\context.js:321:60)
    at D:\WorkCode\AbandonClaw\.next\server\edge\chunks\[root-of-the-server]__3baf0ec9._.js:36:38209
    at sV (D:\WorkCode\AbandonClaw\.next\server\edge\chunks\[root-of-the-server]__3baf0ec9._.js:36:43149)
    at sB (D:\WorkCode\AbandonClaw\.next\server\edge\chunks\[root-of-the-server]__3baf0ec9._.js:36:42677)
    at r (D:\WorkCode\AbandonClaw\.next\server\edge\chunks\[root-of-the-server]__3baf0ec9._.js:49:22393)
    at async D:\WorkCode\AbandonClaw\.next\server\edge\chunks\[root-of-the-server]__3baf0ec9._.js:49:22650 {
  
}
Error: fetch failed
    at context.fetch (D:\WorkCode\AbandonClaw\node_modules\.pnpm\next@16.1.6_@babel+core@7.2_9d8d1bf7a8807769963b5151bd760c41\node_modules\next\dist\server\web\sandbox\context.js:321:60)
    at D:\WorkCode\AbandonClaw\.next\server\edge\chunks\[root-of-the-server]__3baf0ec9._.js:36:38209
    at sV (D:\WorkCode\AbandonClaw\.next\server\edge\chunks\[root-of-the-server]__3baf0ec9._.js:36:43149)
    at sB (D:\WorkCode\AbandonClaw\.next\server\edge\chunks\[root-of-the-server]__3baf0ec9._.js:36:42677)
    at r (D:\WorkCode\AbandonClaw\.next\server\edge\chunks\[root-of-the-server]__3baf0ec9._.js:49:22393)
    at async D:\WorkCode\AbandonClaw\.next\server\edge\chunks\[root-of-the-server]__3baf0ec9._.js:49:22650 {
  
}
Error: fetch failed
    at context.fetch (D:\WorkCode\AbandonClaw\node_modules\.pnpm\next@16.1.6_@babel+core@7.2_9d8d1bf7a8807769963b5151bd760c41\node_modules\next\dist\server\web\sandbox\context.js:321:60)
    at D:\WorkCode\AbandonClaw\.next\server\edge\chunks\[root-of-the-server]__3baf0ec9._.js:36:38209
    at sV (D:\WorkCode\AbandonClaw\.next\server\edge\chunks\[root-of-the-server]__3baf0ec9._.js:36:43149)
    at sB (D:\WorkCode\AbandonClaw\.next\server\edge\chunks\[root-of-the-server]__3baf0ec9._.js:36:42677)
    at r (D:\WorkCode\AbandonClaw\.next\server\edge\chunks\[root-of-the-server]__3baf0ec9._.js:49:22393)
    at async D:\WorkCode\AbandonClaw\.next\server\edge\chunks\[root-of-the-server]__3baf0ec9._.js:49:22650 {
  
}
Error: fetch failed
    at context.fetch (D:\WorkCode\AbandonClaw\node_modules\.pnpm\next@16.1.6_@babel+core@7.2_9d8d1bf7a8807769963b5151bd760c41\node_modules\next\dist\server\web\sandbox\context.js:321:60)
    at D:\WorkCode\AbandonClaw\.next\server\edge\chunks\[root-of-the-server]__3baf0ec9._.js:36:38209
    at sV (D:\WorkCode\AbandonClaw\.next\server\edge\chunks\[root-of-the-server]__3baf0ec9._.js:36:43149)
    at sB (D:\WorkCode\AbandonClaw\.next\server\edge\chunks\[root-of-the-server]__3baf0ec9._.js:36:42677)
    at r (D:\WorkCode\AbandonClaw\.next\server\edge\chunks\[root-of-the-server]__3baf0ec9._.js:49:22393)
    at async D:\WorkCode\AbandonClaw\.next\server\edge\chunks\[root-of-the-server]__3baf0ec9._.js:49:22650 {
  
}
Error: fetch failed
    at context.fetch (D:\WorkCode\AbandonClaw\node_modules\.pnpm\next@16.1.6_@babel+core@7.2_9d8d1bf7a8807769963b5151bd760c41\node_modules\next\dist\server\web\sandbox\context.js:321:60)
    at D:\WorkCode\AbandonClaw\.next\server\edge\chunks\[root-of-the-server]__3baf0ec9._.js:36:38209
    at sV (D:\WorkCode\AbandonClaw\.next\server\edge\chunks\[root-of-the-server]__3baf0ec9._.js:36:43149)
    at sB (D:\WorkCode\AbandonClaw\.next\server\edge\chunks\[root-of-the-server]__3baf0ec9._.js:36:42677)
    at r (D:\WorkCode\AbandonClaw\.next\server\edge\chunks\[root-of-the-server]__3baf0ec9._.js:49:22393)
    at async D:\WorkCode\AbandonClaw\.next\server\edge\chunks\[root-of-the-server]__3baf0ec9._.js:49:22650 {
  
}
Error: fetch failed
    at context.fetch (D:\WorkCode\AbandonClaw\node_modules\.pnpm\next@16.1.6_@babel+core@7.2_9d8d1bf7a8807769963b5151bd760c41\node_modules\next\dist\server\web\sandbox\context.js:321:60)
    at D:\WorkCode\AbandonClaw\.next\server\edge\chunks\[root-of-the-server]__3baf0ec9._.js:36:38209
    at sV (D:\WorkCode\AbandonClaw\.next\server\edge\chunks\[root-of-the-server]__3baf0ec9._.js:36:43149)
    at sB (D:\WorkCode\AbandonClaw\.next\server\edge\chunks\[root-of-the-server]__3baf0ec9._.js:36:42677)
    at r (D:\WorkCode\AbandonClaw\.next\server\edge\chunks\[root-of-the-server]__3baf0ec9._.js:49:22393)
    at async D:\WorkCode\AbandonClaw\.next\server\edge\chunks\[root-of-the-server]__3baf0ec9._.js:49:22650 {
  
}
Error: fetch failed
    at context.fetch (D:\WorkCode\AbandonClaw\node_modules\.pnpm\next@16.1.6_@babel+core@7.2_9d8d1bf7a8807769963b5151bd760c41\node_modules\next\dist\server\web\sandbox\context.js:321:60)
    at D:\WorkCode\AbandonClaw\.next\server\edge\chunks\[root-of-the-server]__3baf0ec9._.js:36:38209
    at sV (D:\WorkCode\AbandonClaw\.next\server\edge\chunks\[root-of-the-server]__3baf0ec9._.js:36:43149)
    at sB (D:\WorkCode\AbandonClaw\.next\server\edge\chunks\[root-of-the-server]__3baf0ec9._.js:36:42677)
    at r (D:\WorkCode\AbandonClaw\.next\server\edge\chunks\[root-of-the-server]__3baf0ec9._.js:49:22393)
    at async D:\WorkCode\AbandonClaw\.next\server\edge\chunks\[root-of-the-server]__3baf0ec9._.js:49:22650 {
  
}
AuthRetryableFetchError: fetch failed
    at sV (D:\WorkCode\AbandonClaw\.next\server\edge\chunks\[root-of-the-server]__3baf0ec9._.js:36:43206)
    at async sB (D:\WorkCode\AbandonClaw\.next\server\edge\chunks\[root-of-the-server]__3baf0ec9._.js:36:42671)
    at async r (D:\WorkCode\AbandonClaw\.next\server\edge\chunks\[root-of-the-server]__3baf0ec9._.js:49:22387)
    at async (D:\WorkCode\AbandonClaw\.next\server\edge\chunks\[root-of-the-server]__3baf0ec9._.js:49:22650) {
  __isAuthError: true,
  status: 0,
  code: undefined
}
AuthRetryableFetchError: fetch failed
    at sV (D:\WorkCode\AbandonClaw\.next\server\edge\chunks\[root-of-the-server]__3baf0ec9._.js:36:43206)
    at async sB (D:\WorkCode\AbandonClaw\.next\server\edge\chunks\[root-of-the-server]__3baf0ec9._.js:36:42671)
    at async r (D:\WorkCode\AbandonClaw\.next\server\edge\chunks\[root-of-the-server]__3baf0ec9._.js:49:22387)
    at async (D:\WorkCode\AbandonClaw\.next\server\edge\chunks\[root-of-the-server]__3baf0ec9._.js:49:22650) {
  __isAuthError: true,
  status: 0,
  code: undefined
}
Error: fetch failed
    at context.fetch (D:\WorkCode\AbandonClaw\node_modules\.pnpm\next@16.1.6_@babel+core@7.2_9d8d1bf7a8807769963b5151bd760c41\node_modules\next\dist\server\web\sandbox\context.js:321:60)
    at D:\WorkCode\AbandonClaw\.next\server\edge\chunks\[root-of-the-server]__3baf0ec9._.js:36:38209
    at sV (D:\WorkCode\AbandonClaw\.next\server\edge\chunks\[root-of-the-server]__3baf0ec9._.js:36:43149)
    at sB (D:\WorkCode\AbandonClaw\.next\server\edge\chunks\[root-of-the-server]__3baf0ec9._.js:36:42677)
    at r (D:\WorkCode\AbandonClaw\.next\server\edge\chunks\[root-of-the-server]__3baf0ec9._.js:49:22393)
    at D:\WorkCode\AbandonClaw\.next\server\edge\chunks\[root-of-the-server]__3baf0ec9._.js:49:22656
    at D:\WorkCode\AbandonClaw\.next\server\edge\chunks\[root-of-the-server]__3baf0ec9._.js:49:22733
    at new Promise (<anonymous>)
    at np._refreshAccessToken (D:\WorkCode\AbandonClaw\.next\server\edge\chunks\[root-of-the-server]__3baf0ec9._.js:49:22587)
    at np._callRefreshToken (D:\WorkCode\AbandonClaw\.next\server\edge\chunks\[root-of-the-server]__3baf0ec9._.js:49:25280) {
  
}
Error: fetch failed
    at context.fetch (D:\WorkCode\AbandonClaw\node_modules\.pnpm\next@16.1.6_@babel+core@7.2_9d8d1bf7a8807769963b5151bd760c41\node_modules\next\dist\server\web\sandbox\context.js:321:60)
    at D:\WorkCode\AbandonClaw\.next\server\edge\chunks\[root-of-the-server]__3baf0ec9._.js:36:38209
    at sV (D:\WorkCode\AbandonClaw\.next\server\edge\chunks\[root-of-the-server]__3baf0ec9._.js:36:43149)
    at sB (D:\WorkCode\AbandonClaw\.next\server\edge\chunks\[root-of-the-server]__3baf0ec9._.js:36:42677)
    at r (D:\WorkCode\AbandonClaw\.next\server\edge\chunks\[root-of-the-server]__3baf0ec9._.js:49:22393)
    at async D:\WorkCode\AbandonClaw\.next\server\edge\chunks\[root-of-the-server]__3baf0ec9._.js:49:22650 {
  
}
Error: fetch failed
    at context.fetch (D:\WorkCode\AbandonClaw\node_modules\.pnpm\next@16.1.6_@babel+core@7.2_9d8d1bf7a8807769963b5151bd760c41\node_modules\next\dist\server\web\sandbox\context.js:321:60)
    at D:\WorkCode\AbandonClaw\.next\server\edge\chunks\[root-of-the-server]__3baf0ec9._.js:36:38209
    at sV (D:\WorkCode\AbandonClaw\.next\server\edge\chunks\[root-of-the-server]__3baf0ec9._.js:36:43149)
    at sB (D:\WorkCode\AbandonClaw\.next\server\edge\chunks\[root-of-the-server]__3baf0ec9._.js:36:42677)
    at r (D:\WorkCode\AbandonClaw\.next\server\edge\chunks\[root-of-the-server]__3baf0ec9._.js:49:22393)
    at async D:\WorkCode\AbandonClaw\.next\server\edge\chunks\[root-of-the-server]__3baf0ec9._.js:49:22650 {
  
}
Error: fetch failed
    at context.fetch (D:\WorkCode\AbandonClaw\node_modules\.pnpm\next@16.1.6_@babel+core@7.2_9d8d1bf7a8807769963b5151bd760c41\node_modules\next\dist\server\web\sandbox\context.js:321:60)
    at D:\WorkCode\AbandonClaw\.next\server\edge\chunks\[root-of-the-server]__3baf0ec9._.js:36:38209
    at sV (D:\WorkCode\AbandonClaw\.next\server\edge\chunks\[root-of-the-server]__3baf0ec9._.js:36:43149)
    at sB (D:\WorkCode\AbandonClaw\.next\server\edge\chunks\[root-of-the-server]__3baf0ec9._.js:36:42677)
    at r (D:\WorkCode\AbandonClaw\.next\server\edge\chunks\[root-of-the-server]__3baf0ec9._.js:49:22393)
    at async D:\WorkCode\AbandonClaw\.next\server\edge\chunks\[root-of-the-server]__3baf0ec9._.js:49:22650 {
  
}
Error: fetch failed
    at context.fetch (D:\WorkCode\AbandonClaw\node_modules\.pnpm\next@16.1.6_@babel+core@7.2_9d8d1bf7a8807769963b5151bd760c41\node_modules\next\dist\server\web\sandbox\context.js:321:60)
    at D:\WorkCode\AbandonClaw\.next\server\edge\chunks\[root-of-the-server]__3baf0ec9._.js:36:38209
    at sV (D:\WorkCode\AbandonClaw\.next\server\edge\chunks\[root-of-the-server]__3baf0ec9._.js:36:43149)
    at sB (D:\WorkCode\AbandonClaw\.next\server\edge\chunks\[root-of-the-server]__3baf0ec9._.js:36:42677)
    at r (D:\WorkCode\AbandonClaw\.next\server\edge\chunks\[root-of-the-server]__3baf0ec9._.js:49:22393)
    at async D:\WorkCode\AbandonClaw\.next\server\edge\chunks\[root-of-the-server]__3baf0ec9._.js:49:22650 {
  
}
Error: fetch failed
    at context.fetch (D:\WorkCode\AbandonClaw\node_modules\.pnpm\next@16.1.6_@babel+core@7.2_9d8d1bf7a8807769963b5151bd760c41\node_modules\next\dist\server\web\sandbox\context.js:321:60)
    at D:\WorkCode\AbandonClaw\.next\server\edge\chunks\[root-of-the-server]__3baf0ec9._.js:36:38209
    at sV (D:\WorkCode\AbandonClaw\.next\server\edge\chunks\[root-of-the-server]__3baf0ec9._.js:36:43149)
    at sB (D:\WorkCode\AbandonClaw\.next\server\edge\chunks\[root-of-the-server]__3baf0ec9._.js:36:42677)
    at r (D:\WorkCode\AbandonClaw\.next\server\edge\chunks\[root-of-the-server]__3baf0ec9._.js:49:22393)
    at async D:\WorkCode\AbandonClaw\.next\server\edge\chunks\[root-of-the-server]__3baf0ec9._.js:49:22650 {
  
}
Error: fetch failed
    at context.fetch (D:\WorkCode\AbandonClaw\node_modules\.pnpm\next@16.1.6_@babel+core@7.2_9d8d1bf7a8807769963b5151bd760c41\node_modules\next\dist\server\web\sandbox\context.js:321:60)
    at D:\WorkCode\AbandonClaw\.next\server\edge\chunks\[root-of-the-server]__3baf0ec9._.js:36:38209
    at sV (D:\WorkCode\AbandonClaw\.next\server\edge\chunks\[root-of-the-server]__3baf0ec9._.js:36:43149)
    at sB (D:\WorkCode\AbandonClaw\.next\server\edge\chunks\[root-of-the-server]__3baf0ec9._.js:36:42677)
    at r (D:\WorkCode\AbandonClaw\.next\server\edge\chunks\[root-of-the-server]__3baf0ec9._.js:49:22393)
    at async D:\WorkCode\AbandonClaw\.next\server\edge\chunks\[root-of-the-server]__3baf0ec9._.js:49:22650 {
  
}
Error: fetch failed
    at context.fetch (D:\WorkCode\AbandonClaw\node_modules\.pnpm\next@16.1.6_@babel+core@7.2_9d8d1bf7a8807769963b5151bd760c41\node_modules\next\dist\server\web\sandbox\context.js:321:60)
    at D:\WorkCode\AbandonClaw\.next\server\edge\chunks\[root-of-the-server]__3baf0ec9._.js:36:38209
    at sV (D:\WorkCode\AbandonClaw\.next\server\edge\chunks\[root-of-the-server]__3baf0ec9._.js:36:43149)
    at sB (D:\WorkCode\AbandonClaw\.next\server\edge\chunks\[root-of-the-server]__3baf0ec9._.js:36:42677)
    at r (D:\WorkCode\AbandonClaw\.next\server\edge\chunks\[root-of-the-server]__3baf0ec9._.js:49:22393)
    at async D:\WorkCode\AbandonClaw\.next\server\edge\chunks\[root-of-the-server]__3baf0ec9._.js:49:22650 {
  
}
AuthRetryableFetchError: fetch failed
    at sV (D:\WorkCode\AbandonClaw\.next\server\edge\chunks\[root-of-the-server]__3baf0ec9._.js:36:43206)
    at async sB (D:\WorkCode\AbandonClaw\.next\server\edge\chunks\[root-of-the-server]__3baf0ec9._.js:36:42671)
    at async r (D:\WorkCode\AbandonClaw\.next\server\edge\chunks\[root-of-the-server]__3baf0ec9._.js:49:22387)
    at async (D:\WorkCode\AbandonClaw\.next\server\edge\chunks\[root-of-the-server]__3baf0ec9._.js:49:22650) {
  __isAuthError: true,
  status: 0,
  code: undefined
}
AuthRetryableFetchError: fetch failed
    at sV (D:\WorkCode\AbandonClaw\.next\server\edge\chunks\[root-of-the-server]__3baf0ec9._.js:36:43206)
    at async sB (D:\WorkCode\AbandonClaw\.next\server\edge\chunks\[root-of-the-server]__3baf0ec9._.js:36:42671)
    at async r (D:\WorkCode\AbandonClaw\.next\server\edge\chunks\[root-of-the-server]__3baf0ec9._.js:49:22387)
    at async (D:\WorkCode\AbandonClaw\.next\server\edge\chunks\[root-of-the-server]__3baf0ec9._.js:49:22650) {
  __isAuthError: true,
  status: 0,
  code: undefined
}
